modules/vibeflow-keyboard/android/build/intermediates/manifest_merge_blame_file/release/processReleaseManifest/manifest-merger-blame-release-report.txt
1<?xml version="1.0" encoding="utf-8"?>
2<manifest xmlns:android="http://schemas.android.com/apk/res/android"
3    package="com.vibeflow.keyboard" >
4
5    <uses-sdk android:minSdkVersion="24" />
6
7    <application>
7-->src/main/AndroidManifest.xml:2:3-19:17
8
9        <!--
10         The VibeFlow on-screen keyboard. Registered as an InputMethodService so it
11         shows up in Settings → Languages & input → On-screen keyboard. The system
12         binds it with BIND_INPUT_METHOD; the intent-filter + @xml/method make it a
13         valid IME. exported=true is required for the system to bind on Android 12+.
14        -->
15        <service
15-->src/main/AndroidManifest.xml:7:5-18:15
16            android:name="com.vibeflow.keyboard.VibeFlowKeyboardService"
16-->src/main/AndroidManifest.xml:8:7-67
17            android:exported="true"
17-->src/main/AndroidManifest.xml:11:7-30
18            android:label="VibeFlow"
18-->src/main/AndroidManifest.xml:9:7-31
19            android:permission="android.permission.BIND_INPUT_METHOD" >
19-->src/main/AndroidManifest.xml:10:7-64
20            <intent-filter>
20-->src/main/AndroidManifest.xml:12:7-14:23
21                <action android:name="android.view.InputMethod" />
21-->src/main/AndroidManifest.xml:13:9-59
21-->src/main/AndroidManifest.xml:13:17-56
22            </intent-filter>
23
24            <meta-data
24-->src/main/AndroidManifest.xml:15:7-17:42
25                android:name="android.view.im"
25-->src/main/AndroidManifest.xml:16:9-39
26                android:resource="@xml/method" />
26-->src/main/AndroidManifest.xml:17:9-39
27        </service>
28    </application>
29
30</manifest>